0 info it worked if it ends with ok
1 verbose cli [ '/usr/local/bin/node', '/usr/local/bin/npm', 'start' ]
2 info using npm@3.10.10
3 info using node@v6.11.4
4 verbose run-script [ 'prestart', 'start', 'poststart' ]
5 info lifecycle plaz4-hapi@1.0.0~prestart: plaz4-hapi@1.0.0
6 silly lifecycle plaz4-hapi@1.0.0~prestart: no script for prestart, continuing
7 info lifecycle plaz4-hapi@1.0.0~start: plaz4-hapi@1.0.0
8 verbose lifecycle plaz4-hapi@1.0.0~start: unsafe-perm in lifecycle true
9 verbose lifecycle plaz4-hapi@1.0.0~start: PATH: /usr/local/lib/node_modules/npm/bin/node-gyp-bin:/Users/rjohn/projects/plaz4-hapi/node_modules/.bin:/Users/rjohn/.sdkman/candidates/groovy/current/bin:/usr/local/bin:/usr/bin:/bin:/usr/sbin:/sbin:/opt/X11/bin:/Users/rjohn/.rvm/bin:/usr/local/sbin:/System/Library/Frameworks/JavaVM.framework/Versions/Current/Commands//bin:/usr/local/mongodb/bin:/usr/local/opt/gettext/bin:/usr/share/groovy/bin:/usr/share/adt-bundle/sdk/tools:/usr/share/adt-bundle/sdk/platform-tools/:/usr/share/apache-ant/bin:/usr/share/mongodb-mms-monitoring-agent:/opt/oracle/instantclient:/opt/oracle/instantclient/sdk/include:/usr/local/share/ffmpeg:/usr/local/openshift
10 verbose lifecycle plaz4-hapi@1.0.0~start: CWD: /Users/rjohn/projects/plaz4-hapi
11 silly lifecycle plaz4-hapi@1.0.0~start: Args: [ '-c', 'node app.js' ]
12 silly lifecycle plaz4-hapi@1.0.0~start: Returned: code: 1  signal: null
13 info lifecycle plaz4-hapi@1.0.0~start: Failed to exec start script
14 verbose stack Error: plaz4-hapi@1.0.0 start: `node app.js`
14 verbose stack Exit status 1
14 verbose stack     at EventEmitter.<anonymous> (/usr/local/lib/node_modules/npm/lib/utils/lifecycle.js:255:16)
14 verbose stack     at emitTwo (events.js:106:13)
14 verbose stack     at EventEmitter.emit (events.js:191:7)
14 verbose stack     at ChildProcess.<anonymous> (/usr/local/lib/node_modules/npm/lib/utils/spawn.js:40:14)
14 verbose stack     at emitTwo (events.js:106:13)
14 verbose stack     at ChildProcess.emit (events.js:191:7)
14 verbose stack     at maybeClose (internal/child_process.js:920:16)
14 verbose stack     at Process.ChildProcess._handle.onexit (internal/child_process.js:230:5)
15 verbose pkgid plaz4-hapi@1.0.0
16 verbose cwd /Users/rjohn/projects/plaz4-hapi
17 error Darwin 16.7.0
18 error argv "/usr/local/bin/node" "/usr/local/bin/npm" "start"
19 error node v6.11.4
20 error npm  v3.10.10
21 error code ELIFECYCLE
22 error plaz4-hapi@1.0.0 start: `node app.js`
22 error Exit status 1
23 error Failed at the plaz4-hapi@1.0.0 start script 'node app.js'.
23 error Make sure you have the latest version of node.js and npm installed.
23 error If you do, this is most likely a problem with the plaz4-hapi package,
23 error not with npm itself.
23 error Tell the author that this fails on your system:
23 error     node app.js
23 error You can get information on how to open an issue for this project with:
23 error     npm bugs plaz4-hapi
23 error Or if that isn't available, you can get their info via:
23 error     npm owner ls plaz4-hapi
23 error There is likely additional logging output above.
24 verbose exit [ 1, true ]
